0 info it worked if it ends with ok
1 verbose cli [ 'node', '/usr/local/bin/npm', 'install', 'socket.io' ]
2 info using npm@1.4.23
3 info using node@v0.10.31
4 verbose readDependencies using package.json deps
5 verbose cache add [ 'socket.io', null ]
6 verbose cache add name=undefined spec="socket.io" args=["socket.io",null]
7 verbose parsed url { protocol: null,
7 verbose parsed url   slashes: null,
7 verbose parsed url   auth: null,
7 verbose parsed url   host: null,
7 verbose parsed url   port: null,
7 verbose parsed url   hostname: null,
7 verbose parsed url   hash: null,
7 verbose parsed url   search: null,
7 verbose parsed url   query: null,
7 verbose parsed url   pathname: 'socket.io',
7 verbose parsed url   path: 'socket.io',
7 verbose parsed url   href: 'socket.io' }
8 silly lockFile 71475bfd-socket-io socket.io
9 verbose lock socket.io /Users/rushabh/.npm/71475bfd-socket-io.lock
10 silly lockFile 71475bfd-socket-io socket.io
11 silly lockFile 71475bfd-socket-io socket.io
12 verbose addNamed [ 'socket.io', '' ]
13 verbose addNamed [ null, '*' ]
14 silly lockFile c03de861-socket-io socket.io@
15 verbose lock socket.io@ /Users/rushabh/.npm/c03de861-socket-io.lock
16 silly addNameRange { name: 'socket.io', range: '*', hasData: false }
17 verbose request where is /socket.io
18 verbose request registry https://registry.npmjs.org/
19 verbose request id c93c1aae191db428
20 verbose url raw /socket.io
21 verbose url resolving [ 'https://registry.npmjs.org/', './socket.io' ]
22 verbose url resolved https://registry.npmjs.org/socket.io
23 verbose request where is https://registry.npmjs.org/socket.io
24 info trying registry request attempt 1 at 22:06:19
25 verbose etag "4DWHD00J2Q5ZD01NB01DHICSR"
26 http GET https://registry.npmjs.org/socket.io
27 http 304 https://registry.npmjs.org/socket.io
28 silly registry.get cb [ 304,
28 silly registry.get   { date: 'Sat, 18 Oct 2014 05:06:20 GMT',
28 silly registry.get     server: 'Apache',
28 silly registry.get     via: '1.1 varnish',
28 silly registry.get     'last-modified': 'Sat, 18 Oct 2014 05:06:20 GMT',
28 silly registry.get     'cache-control': 'max-age=60',
28 silly registry.get     etag: '"4DWHD00J2Q5ZD01NB01DHICSR"',
28 silly registry.get     age: '3',
28 silly registry.get     'x-served-by': 'cache-sjc3129-SJC',
28 silly registry.get     'x-cache': 'HIT',
28 silly registry.get     'x-cache-hits': '1',
28 silly registry.get     'x-timer': 'S1413608780.098334,VS0,VE0',
28 silly registry.get     vary: 'Accept',
28 silly registry.get     'content-length': '0',
28 silly registry.get     'keep-alive': 'timeout=10, max=50',
28 silly registry.get     connection: 'Keep-Alive' } ]
29 verbose etag https://registry.npmjs.org/socket.io from cache
30 silly addNameRange number 2 { name: 'socket.io', range: '*', hasData: true }
31 silly addNameRange versions [ 'socket.io',
31 silly addNameRange   [ '0.3.8',
31 silly addNameRange     '0.4.0',
31 silly addNameRange     '0.4.1',
31 silly addNameRange     '0.5.1',
31 silly addNameRange     '0.5.3',
31 silly addNameRange     '0.6.0',
31 silly addNameRange     '0.6.1',
31 silly addNameRange     '0.6.3',
31 silly addNameRange     '0.6.4',
31 silly addNameRange     '0.6.5',
31 silly addNameRange     '0.6.6',
31 silly addNameRange     '0.6.7',
31 silly addNameRange     '0.6.8',
31 silly addNameRange     '0.6.9',
31 silly addNameRange     '0.6.10',
31 silly addNameRange     '0.6.11',
31 silly addNameRange     '0.6.12',
31 silly addNameRange     '0.6.14',
31 silly addNameRange     '0.6.15',
31 silly addNameRange     '0.6.16',
31 silly addNameRange     '0.6.17',
31 silly addNameRange     '0.6.18',
31 silly addNameRange     '0.7.0',
31 silly addNameRange     '0.7.1',
31 silly addNameRange     '0.7.2',
31 silly addNameRange     '0.7.3',
31 silly addNameRange     '0.7.4',
31 silly addNameRange     '0.7.5',
31 silly addNameRange     '0.7.6',
31 silly addNameRange     '0.7.7',
31 silly addNameRange     '0.7.8',
31 silly addNameRange     '0.7.9',
31 silly addNameRange     '0.7.10',
31 silly addNameRange     '0.7.11',
31 silly addNameRange     '0.8.0',
31 silly addNameRange     '0.8.1',
31 silly addNameRange     '0.8.2',
31 silly addNameRange     '0.8.3',
31 silly addNameRange     '0.8.4',
31 silly addNameRange     '0.8.5',
31 silly addNameRange     '0.8.6',
31 silly addNameRange     '0.8.7',
31 silly addNameRange     '0.9.0',
31 silly addNameRange     '0.9.1',
31 silly addNameRange     '0.9.1-1',
31 silly addNameRange     '0.9.2',
31 silly addNameRange     '0.9.3',
31 silly addNameRange     '0.9.4',
31 silly addNameRange     '0.9.5',
31 silly addNameRange     '0.9.6',
31 silly addNameRange     '0.9.7',
31 silly addNameRange     '0.9.8',
31 silly addNameRange     '0.9.9',
31 silly addNameRange     '0.9.10',
31 silly addNameRange     '0.9.11',
31 silly addNameRange     '0.9.12',
31 silly addNameRange     '0.9.13',
31 silly addNameRange     '0.9.14',
31 silly addNameRange     '0.9.15',
31 silly addNameRange     '0.9.16',
31 silly addNameRange     '1.0.0-pre',
31 silly addNameRange     '1.0.0-pre2',
31 silly addNameRange     '1.0.0-pre3',
31 silly addNameRange     '1.0.0-pre4',
31 silly addNameRange     '1.0.0-pre5',
31 silly addNameRange     '0.9.17',
31 silly addNameRange     '1.0.0',
31 silly addNameRange     '1.0.1',
31 silly addNameRange     '1.0.2',
31 silly addNameRange     '1.0.3',
31 silly addNameRange     '1.0.4',
31 silly addNameRange     '1.0.5',
31 silly addNameRange     '1.0.6',
31 silly addNameRange     '1.1.0' ] ]
32 verbose addNamed [ 'socket.io', '1.1.0' ]
33 verbose addNamed [ '1.1.0', '1.1.0' ]
34 silly lockFile 8bfafe15-socket-io-1-1-0 socket.io@1.1.0
35 verbose lock socket.io@1.1.0 /Users/rushabh/.npm/8bfafe15-socket-io-1-1-0.lock
36 silly lockFile 8bfafe15-socket-io-1-1-0 socket.io@1.1.0
37 silly lockFile 8bfafe15-socket-io-1-1-0 socket.io@1.1.0
38 silly lockFile c03de861-socket-io socket.io@
39 silly lockFile c03de861-socket-io socket.io@
40 silly resolved [ { name: 'socket.io',
40 silly resolved     version: '1.1.0',
40 silly resolved     description: 'node.js realtime framework server',
40 silly resolved     keywords:
40 silly resolved      [ 'realtime',
40 silly resolved        'framework',
40 silly resolved        'websocket',
40 silly resolved        'tcp',
40 silly resolved        'events',
40 silly resolved        'socket',
40 silly resolved        'io' ],
40 silly resolved     repository: { type: 'git', url: 'git://github.com/Automattic/socket.io' },
40 silly resolved     scripts: { test: 'make test' },
40 silly resolved     dependencies:
40 silly resolved      { 'engine.io': '1.4.0',
40 silly resolved        'socket.io-parser': '2.2.1',
40 silly resolved        'socket.io-client': '1.1.0',
40 silly resolved        'socket.io-adapter': '0.2.0',
40 silly resolved        'has-binary-data': '0.1.3',
40 silly resolved        debug: '0.7.4' },
40 silly resolved     devDependencies:
40 silly resolved      { mocha: '1.16.2',
40 silly resolved        'expect.js': '0.3.1',
40 silly resolved        supertest: '0.8.2',
40 silly resolved        superagent: '0.17.0',
40 silly resolved        istanbul: '0.2.3' },
40 silly resolved     contributors: [ [Object], [Object], [Object], [Object] ],
40 silly resolved     gitHead: '16483375a78e3dab95e95f1b3ed088b31e042275',
40 silly resolved     bugs: { url: 'https://github.com/Automattic/socket.io/issues' },
40 silly resolved     homepage: 'https://github.com/Automattic/socket.io',
40 silly resolved     _id: 'socket.io@1.1.0',
40 silly resolved     _shasum: '0825ecb5740f34c2319a40087c537a348010dbb6',
40 silly resolved     _from: 'socket.io@',
40 silly resolved     _npmVersion: '1.4.25',
40 silly resolved     _npmUser: { name: 'rauchg', email: 'rauchg@gmail.com' },
40 silly resolved     maintainers: [ [Object] ],
40 silly resolved     dist:
40 silly resolved      { shasum: '0825ecb5740f34c2319a40087c537a348010dbb6',
40 silly resolved        tarball: 'http://registry.npmjs.org/socket.io/-/socket.io-1.1.0.tgz' },
40 silly resolved     directories: {},
40 silly resolved     _resolved: 'https://registry.npmjs.org/socket.io/-/socket.io-1.1.0.tgz',
40 silly resolved     readme: 'ERROR: No README data found!' } ]
41 info install socket.io@1.1.0 into /Users/rushabh/Desktop/PressureArduino
42 info installOne socket.io@1.1.0
43 verbose node_modules/socket.io unbuild
44 info preuninstall socket.io@1.1.0
45 info uninstall socket.io@1.1.0
46 verbose true,/Users/rushabh/Desktop/PressureArduino/node_modules,/Users/rushabh/Desktop/PressureArduino/node_modules unbuild socket.io@1.1.0
47 info postuninstall socket.io@1.1.0
48 verbose node_modules/socket.io unbuild
49 error error rolling back Error: EACCES, unlink '/Users/rushabh/Desktop/PressureArduino/node_modules/socket.io/node_modules/engine.io/node_modules/.bin/wscat'
49 error error rolling back  socket.io@1.1.0 { [Error: EACCES, unlink '/Users/rushabh/Desktop/PressureArduino/node_modules/socket.io/node_modules/engine.io/node_modules/.bin/wscat']
49 error error rolling back   errno: 3,
49 error error rolling back   code: 'EACCES',
49 error error rolling back   path: '/Users/rushabh/Desktop/PressureArduino/node_modules/socket.io/node_modules/engine.io/node_modules/.bin/wscat' }
50 error Error: EACCES, unlink '/Users/rushabh/Desktop/PressureArduino/node_modules/socket.io/node_modules/engine.io/node_modules/.bin/wscat'
50 error  { [Error: EACCES, unlink '/Users/rushabh/Desktop/PressureArduino/node_modules/socket.io/node_modules/engine.io/node_modules/.bin/wscat']
50 error   errno: 3,
50 error   code: 'EACCES',
50 error   path: '/Users/rushabh/Desktop/PressureArduino/node_modules/socket.io/node_modules/engine.io/node_modules/.bin/wscat' }
51 error Please try running this command again as root/Administrator.
52 error System Darwin 14.0.0
53 error command "node" "/usr/local/bin/npm" "install" "socket.io"
54 error cwd /Users/rushabh/Desktop/PressureArduino
55 error node -v v0.10.31
56 error npm -v 1.4.23
57 error path /Users/rushabh/Desktop/PressureArduino/node_modules/socket.io/node_modules/engine.io/node_modules/.bin/wscat
58 error code EACCES
59 error errno 3
60 error stack Error: EACCES, unlink '/Users/rushabh/Desktop/PressureArduino/node_modules/socket.io/node_modules/engine.io/node_modules/.bin/wscat'
61 verbose exit [ 3, true ]
